<?xml version="1.0" encoding="UTF-8"?>
<testsuites name="1612745 - Run all test cases" time="97.393" tests="5" failures="0" errors="0">
   <testsuite name="1612745 - Run all test cases" tests="5" failures="0" errors="0" time="97.393" timestamp="2020-06-05 15:03:53" hostname="haquangtrong - 192.168.1.2" id="Test Suites/1612745 - Run all test cases">
      <properties>
         <property name="deviceName" value=""/>
         <property name="devicePlatform" value=""/>
         <property name="logFolder" value="/Users/haquangtrong/Documents/git/Hw2_TestMattermost_8/Reports/20200605_150341/1612745 - Run all test cases/20200605_150341"/>
         <property name="logFiles" value="/Users/haquangtrong/Documents/git/Hw2_TestMattermost_8/Reports/20200605_150341/1612745 - Run all test cases/20200605_150341/execution0.log"/>
         <property name="attachments" value=""/>
         <property name="hostName" value="haquangtrong - 192.168.1.2"/>
         <property name="os" value="Mac OS X 64bit"/>
         <property name="katalonVersion" value="7.4.0.1"/>
         <property name="browser" value="Firefox 76.0"/>
         <property name="hostAddress" value="192.168.1.2"/>
         <property name="sessionId" value="2153f13b-cd07-1446-92b2-8e502227c36c"/>
         <property name="seleniumVersion" value="3.141.59"/>
         <property name="proxyInformation" value="ProxyInformation{proxyOption=NO_PROXY, proxyServerType=HTTP, password=, proxyServerAddress=, proxyServerPort=0, executionList=}"/>
         <property name="platform" value="Mac OS X"/>
      </properties>
      <testcase name="Test Cases/1612745/1612745 - Test sign up" time="23.537" classname="Test Cases/1612745/1612745 - Test sign up" status="PASSED">
         <system-out><![CDATA[2020-06-05 15:03:54 - [TEST_CASE][PASSED] - Test Cases/1612745/1612745 - Test sign up: Test Cases/1612745/1612745 - Test sign up

2020-06-05 15:03:54 - [TEST_STEP][PASSED] - openBrowser(""): Browser is opened with url: ''

2020-06-05 15:03:54 - [MESSAGE][INFO] - Starting 'Firefox' driver

2020-06-05 15:03:55 - [MESSAGE][INFO] - Action delay is set to 0 milliseconds

2020-06-05 15:03:58 - [MESSAGE][PASSED] - Browser is opened with url: ''

2020-06-05 15:03:58 - [TEST_STEP][PASSED] - navigateToUrl("https://mattermost-master.herokuapp.com/login"): Navigate to 'https://mattermost-master.herokuapp.com/login' successfully

2020-06-05 15:04:07 - [MESSAGE][PASSED] - Navigate to 'https://mattermost-master.herokuapp.com/login' successfully

2020-06-05 15:04:07 - [TEST_STEP][PASSED] - click(findTestObject("Page_Mattermost/span_Create one now")): Object: 'Object Repository/Page_Mattermost/span_Create one now' is clicked on

2020-06-05 15:04:12 - [MESSAGE][PASSED] - Object: 'Object Repository/Page_Mattermost/span_Create one now' is clicked on

2020-06-05 15:04:12 - [TEST_STEP][PASSED] - setText(findTestObject("Page_Mattermost/input_concat(What  s your email address)_email"), email): Text 'user2@gmail.com' is set on object 'Object Repository/Page_Mattermost/input_concat(What  s your email address)_email'

2020-06-05 15:04:13 - [MESSAGE][PASSED] - Text 'user2@gmail.com' is set on object 'Object Repository/Page_Mattermost/input_concat(What  s your email address)_email'

2020-06-05 15:04:13 - [TEST_STEP][PASSED] - setText(findTestObject("Page_Mattermost/input_Choose your username_name"), username): Text 'user2' is set on object 'Object Repository/Page_Mattermost/input_Choose your username_name'

2020-06-05 15:04:14 - [MESSAGE][PASSED] - Text 'user2' is set on object 'Object Repository/Page_Mattermost/input_Choose your username_name'

2020-06-05 15:04:14 - [TEST_STEP][PASSED] - setEncryptedText(findTestObject("Page_Mattermost/input_Choose your password_password"), password): Text ****** has been set on object 'Object Repository/Page_Mattermost/input_Choose your password_password'

2020-06-05 15:04:14 - [MESSAGE][PASSED] - Text ****** has been set on object 'Object Repository/Page_Mattermost/input_Choose your password_password'

2020-06-05 15:04:14 - [TEST_STEP][PASSED] - click(findTestObject("Page_Mattermost/span_Create Account")): Object: 'Object Repository/Page_Mattermost/span_Create Account' is clicked on

2020-06-05 15:04:15 - [MESSAGE][PASSED] - Object: 'Object Repository/Page_Mattermost/span_Create Account' is clicked on

2020-06-05 15:04:15 - [TEST_STEP][PASSED] - click(findTestObject("Page_Mattermost/span_All team communication in one place se_ecfdc4")): Object: 'Object Repository/Page_Mattermost/span_All team communication in one place se_ecfdc4' is clicked on

2020-06-05 15:04:16 - [MESSAGE][PASSED] - Object: 'Object Repository/Page_Mattermost/span_All team communication in one place se_ecfdc4' is clicked on

2020-06-05 15:04:16 - [TEST_STEP][PASSED] - closeBrowser(): Browser is closed

2020-06-05 15:04:17 - [MESSAGE][PASSED] - Browser is closed]]></system-out>
         <system-err><![CDATA[]]></system-err>
      </testcase>
      <testcase name="Test Cases/1612745/1612745 - Test sign up" time="26.447" classname="Test Cases/1612745/1612745 - Test sign up" status="PASSED">
         <system-out><![CDATA[2020-06-05 15:04:17 - [TEST_CASE][PASSED] - Test Cases/1612745/1612745 - Test sign up: Test Cases/1612745/1612745 - Test sign up

2020-06-05 15:04:17 - [TEST_STEP][PASSED] - openBrowser(""): Browser is opened with url: ''

2020-06-05 15:04:17 - [MESSAGE][INFO] - Starting 'Firefox' driver

2020-06-05 15:04:17 - [MESSAGE][INFO] - Action delay is set to 0 milliseconds

2020-06-05 15:04:20 - [MESSAGE][PASSED] - Browser is opened with url: ''

2020-06-05 15:04:20 - [TEST_STEP][PASSED] - navigateToUrl("https://mattermost-master.herokuapp.com/login"): Navigate to 'https://mattermost-master.herokuapp.com/login' successfully

2020-06-05 15:04:24 - [MESSAGE][PASSED] - Navigate to 'https://mattermost-master.herokuapp.com/login' successfully

2020-06-05 15:04:24 - [TEST_STEP][PASSED] - click(findTestObject("Page_Mattermost/span_Create one now")): Object: 'Object Repository/Page_Mattermost/span_Create one now' is clicked on

2020-06-05 15:04:38 - [MESSAGE][PASSED] - Object: 'Object Repository/Page_Mattermost/span_Create one now' is clicked on

2020-06-05 15:04:38 - [TEST_STEP][PASSED] - setText(findTestObject("Page_Mattermost/input_concat(What  s your email address)_email"), email): Text 'test1fail' is set on object 'Object Repository/Page_Mattermost/input_concat(What  s your email address)_email'

2020-06-05 15:04:39 - [MESSAGE][PASSED] - Text 'test1fail' is set on object 'Object Repository/Page_Mattermost/input_concat(What  s your email address)_email'

2020-06-05 15:04:39 - [TEST_STEP][PASSED] - setText(findTestObject("Page_Mattermost/input_Choose your username_name"), username): Text 'test1' is set on object 'Object Repository/Page_Mattermost/input_Choose your username_name'

2020-06-05 15:04:40 - [MESSAGE][PASSED] - Text 'test1' is set on object 'Object Repository/Page_Mattermost/input_Choose your username_name'

2020-06-05 15:04:40 - [TEST_STEP][PASSED] - setEncryptedText(findTestObject("Page_Mattermost/input_Choose your password_password"), password): Text ****** has been set on object 'Object Repository/Page_Mattermost/input_Choose your password_password'

2020-06-05 15:04:40 - [MESSAGE][PASSED] - Text ****** has been set on object 'Object Repository/Page_Mattermost/input_Choose your password_password'

2020-06-05 15:04:40 - [TEST_STEP][PASSED] - click(findTestObject("Page_Mattermost/span_Create Account")): Object: 'Object Repository/Page_Mattermost/span_Create Account' is clicked on

2020-06-05 15:04:41 - [MESSAGE][PASSED] - Object: 'Object Repository/Page_Mattermost/span_Create Account' is clicked on

2020-06-05 15:04:41 - [TEST_STEP][PASSED] - click(findTestObject("Page_Mattermost/span_All team communication in one place se_ecfdc4")): Object: 'Object Repository/Page_Mattermost/span_All team communication in one place se_ecfdc4' is clicked on

2020-06-05 15:04:41 - [MESSAGE][PASSED] - Object: 'Object Repository/Page_Mattermost/span_All team communication in one place se_ecfdc4' is clicked on

2020-06-05 15:04:41 - [TEST_STEP][PASSED] - closeBrowser(): Browser is closed

2020-06-05 15:04:44 - [MESSAGE][PASSED] - Browser is closed]]></system-out>
         <system-err><![CDATA[]]></system-err>
      </testcase>
      <testcase name="Test Cases/1612745/1612745 - Test sign up" time="18.248" classname="Test Cases/1612745/1612745 - Test sign up" status="PASSED">
         <system-out><![CDATA[2020-06-05 15:04:44 - [TEST_CASE][PASSED] - Test Cases/1612745/1612745 - Test sign up: Test Cases/1612745/1612745 - Test sign up

2020-06-05 15:04:44 - [TEST_STEP][PASSED] - openBrowser(""): Browser is opened with url: ''

2020-06-05 15:04:44 - [MESSAGE][INFO] - Starting 'Firefox' driver

2020-06-05 15:04:44 - [MESSAGE][INFO] - Action delay is set to 0 milliseconds

2020-06-05 15:04:46 - [MESSAGE][PASSED] - Browser is opened with url: ''

2020-06-05 15:04:46 - [TEST_STEP][PASSED] - navigateToUrl("https://mattermost-master.herokuapp.com/login"): Navigate to 'https://mattermost-master.herokuapp.com/login' successfully

2020-06-05 15:04:52 - [MESSAGE][PASSED] - Navigate to 'https://mattermost-master.herokuapp.com/login' successfully

2020-06-05 15:04:52 - [TEST_STEP][PASSED] - click(findTestObject("Page_Mattermost/span_Create one now")): Object: 'Object Repository/Page_Mattermost/span_Create one now' is clicked on

2020-06-05 15:04:57 - [MESSAGE][PASSED] - Object: 'Object Repository/Page_Mattermost/span_Create one now' is clicked on

2020-06-05 15:04:57 - [TEST_STEP][PASSED] - setText(findTestObject("Page_Mattermost/input_concat(What  s your email address)_email"), email): Text '' is set on object 'Object Repository/Page_Mattermost/input_concat(What  s your email address)_email'

2020-06-05 15:04:58 - [MESSAGE][PASSED] - Text '' is set on object 'Object Repository/Page_Mattermost/input_concat(What  s your email address)_email'

2020-06-05 15:04:58 - [TEST_STEP][PASSED] - setText(findTestObject("Page_Mattermost/input_Choose your username_name"), username): Text 'test2' is set on object 'Object Repository/Page_Mattermost/input_Choose your username_name'

2020-06-05 15:04:59 - [MESSAGE][PASSED] - Text 'test2' is set on object 'Object Repository/Page_Mattermost/input_Choose your username_name'

2020-06-05 15:04:59 - [TEST_STEP][PASSED] - setEncryptedText(findTestObject("Page_Mattermost/input_Choose your password_password"), password): Text ****** has been set on object 'Object Repository/Page_Mattermost/input_Choose your password_password'

2020-06-05 15:04:59 - [MESSAGE][PASSED] - Text ****** has been set on object 'Object Repository/Page_Mattermost/input_Choose your password_password'

2020-06-05 15:04:59 - [TEST_STEP][PASSED] - click(findTestObject("Page_Mattermost/span_Create Account")): Object: 'Object Repository/Page_Mattermost/span_Create Account' is clicked on

2020-06-05 15:05:00 - [MESSAGE][PASSED] - Object: 'Object Repository/Page_Mattermost/span_Create Account' is clicked on

2020-06-05 15:05:00 - [TEST_STEP][PASSED] - click(findTestObject("Page_Mattermost/span_All team communication in one place se_ecfdc4")): Object: 'Object Repository/Page_Mattermost/span_All team communication in one place se_ecfdc4' is clicked on

2020-06-05 15:05:00 - [MESSAGE][PASSED] - Object: 'Object Repository/Page_Mattermost/span_All team communication in one place se_ecfdc4' is clicked on

2020-06-05 15:05:00 - [TEST_STEP][PASSED] - closeBrowser(): Browser is closed

2020-06-05 15:05:02 - [MESSAGE][PASSED] - Browser is closed]]></system-out>
         <system-err><![CDATA[]]></system-err>
      </testcase>
      <testcase name="Test Cases/1612745/1612745 - Test sign up" time="14.539" classname="Test Cases/1612745/1612745 - Test sign up" status="PASSED">
         <system-out><![CDATA[2020-06-05 15:05:02 - [TEST_CASE][PASSED] - Test Cases/1612745/1612745 - Test sign up: Test Cases/1612745/1612745 - Test sign up

2020-06-05 15:05:02 - [TEST_STEP][PASSED] - openBrowser(""): Browser is opened with url: ''

2020-06-05 15:05:02 - [MESSAGE][INFO] - Starting 'Firefox' driver

2020-06-05 15:05:02 - [MESSAGE][INFO] - Action delay is set to 0 milliseconds

2020-06-05 15:05:04 - [MESSAGE][PASSED] - Browser is opened with url: ''

2020-06-05 15:05:04 - [TEST_STEP][PASSED] - navigateToUrl("https://mattermost-master.herokuapp.com/login"): Navigate to 'https://mattermost-master.herokuapp.com/login' successfully

2020-06-05 15:05:09 - [MESSAGE][PASSED] - Navigate to 'https://mattermost-master.herokuapp.com/login' successfully

2020-06-05 15:05:09 - [TEST_STEP][PASSED] - click(findTestObject("Page_Mattermost/span_Create one now")): Object: 'Object Repository/Page_Mattermost/span_Create one now' is clicked on

2020-06-05 15:05:12 - [MESSAGE][PASSED] - Object: 'Object Repository/Page_Mattermost/span_Create one now' is clicked on

2020-06-05 15:05:12 - [TEST_STEP][PASSED] - setText(findTestObject("Page_Mattermost/input_concat(What  s your email address)_email"), email): Text 'test3@gmail.com' is set on object 'Object Repository/Page_Mattermost/input_concat(What  s your email address)_email'

2020-06-05 15:05:13 - [MESSAGE][PASSED] - Text 'test3@gmail.com' is set on object 'Object Repository/Page_Mattermost/input_concat(What  s your email address)_email'

2020-06-05 15:05:13 - [TEST_STEP][PASSED] - setText(findTestObject("Page_Mattermost/input_Choose your username_name"), username): Text '' is set on object 'Object Repository/Page_Mattermost/input_Choose your username_name'

2020-06-05 15:05:13 - [MESSAGE][PASSED] - Text '' is set on object 'Object Repository/Page_Mattermost/input_Choose your username_name'

2020-06-05 15:05:13 - [TEST_STEP][PASSED] - setEncryptedText(findTestObject("Page_Mattermost/input_Choose your password_password"), password): Text ****** has been set on object 'Object Repository/Page_Mattermost/input_Choose your password_password'

2020-06-05 15:05:14 - [MESSAGE][PASSED] - Text ****** has been set on object 'Object Repository/Page_Mattermost/input_Choose your password_password'

2020-06-05 15:05:14 - [TEST_STEP][PASSED] - click(findTestObject("Page_Mattermost/span_Create Account")): Object: 'Object Repository/Page_Mattermost/span_Create Account' is clicked on

2020-06-05 15:05:14 - [MESSAGE][PASSED] - Object: 'Object Repository/Page_Mattermost/span_Create Account' is clicked on

2020-06-05 15:05:14 - [TEST_STEP][PASSED] - click(findTestObject("Page_Mattermost/span_All team communication in one place se_ecfdc4")): Object: 'Object Repository/Page_Mattermost/span_All team communication in one place se_ecfdc4' is clicked on

2020-06-05 15:05:15 - [MESSAGE][PASSED] - Object: 'Object Repository/Page_Mattermost/span_All team communication in one place se_ecfdc4' is clicked on

2020-06-05 15:05:15 - [TEST_STEP][PASSED] - closeBrowser(): Browser is closed

2020-06-05 15:05:17 - [MESSAGE][PASSED] - Browser is closed]]></system-out>
         <system-err><![CDATA[]]></system-err>
      </testcase>
      <testcase name="Test Cases/1612745/1612745 - Test sign up" time="14.018" classname="Test Cases/1612745/1612745 - Test sign up" status="PASSED">
         <system-out><![CDATA[2020-06-05 15:05:17 - [TEST_CASE][PASSED] - Test Cases/1612745/1612745 - Test sign up: Test Cases/1612745/1612745 - Test sign up

2020-06-05 15:05:17 - [TEST_STEP][PASSED] - openBrowser(""): Browser is opened with url: ''

2020-06-05 15:05:17 - [MESSAGE][INFO] - Starting 'Firefox' driver

2020-06-05 15:05:17 - [MESSAGE][INFO] - Action delay is set to 0 milliseconds

2020-06-05 15:05:19 - [MESSAGE][PASSED] - Browser is opened with url: ''

2020-06-05 15:05:19 - [TEST_STEP][PASSED] - navigateToUrl("https://mattermost-master.herokuapp.com/login"): Navigate to 'https://mattermost-master.herokuapp.com/login' successfully

2020-06-05 15:05:23 - [MESSAGE][PASSED] - Navigate to 'https://mattermost-master.herokuapp.com/login' successfully

2020-06-05 15:05:23 - [TEST_STEP][PASSED] - click(findTestObject("Page_Mattermost/span_Create one now")): Object: 'Object Repository/Page_Mattermost/span_Create one now' is clicked on

2020-06-05 15:05:26 - [MESSAGE][PASSED] - Object: 'Object Repository/Page_Mattermost/span_Create one now' is clicked on

2020-06-05 15:05:26 - [TEST_STEP][PASSED] - setText(findTestObject("Page_Mattermost/input_concat(What  s your email address)_email"), email): Text 'test4@gmail.com' is set on object 'Object Repository/Page_Mattermost/input_concat(What  s your email address)_email'

2020-06-05 15:05:27 - [MESSAGE][PASSED] - Text 'test4@gmail.com' is set on object 'Object Repository/Page_Mattermost/input_concat(What  s your email address)_email'

2020-06-05 15:05:27 - [TEST_STEP][PASSED] - setText(findTestObject("Page_Mattermost/input_Choose your username_name"), username): Text 'test4' is set on object 'Object Repository/Page_Mattermost/input_Choose your username_name'

2020-06-05 15:05:28 - [MESSAGE][PASSED] - Text 'test4' is set on object 'Object Repository/Page_Mattermost/input_Choose your username_name'

2020-06-05 15:05:28 - [TEST_STEP][PASSED] - setEncryptedText(findTestObject("Page_Mattermost/input_Choose your password_password"), password): Text ****** has been set on object 'Object Repository/Page_Mattermost/input_Choose your password_password'

2020-06-05 15:05:28 - [MESSAGE][PASSED] - Text ****** has been set on object 'Object Repository/Page_Mattermost/input_Choose your password_password'

2020-06-05 15:05:28 - [TEST_STEP][PASSED] - click(findTestObject("Page_Mattermost/span_Create Account")): Object: 'Object Repository/Page_Mattermost/span_Create Account' is clicked on

2020-06-05 15:05:28 - [MESSAGE][PASSED] - Object: 'Object Repository/Page_Mattermost/span_Create Account' is clicked on

2020-06-05 15:05:28 - [TEST_STEP][PASSED] - click(findTestObject("Page_Mattermost/span_All team communication in one place se_ecfdc4")): Object: 'Object Repository/Page_Mattermost/span_All team communication in one place se_ecfdc4' is clicked on

2020-06-05 15:05:29 - [MESSAGE][PASSED] - Object: 'Object Repository/Page_Mattermost/span_All team communication in one place se_ecfdc4' is clicked on

2020-06-05 15:05:29 - [TEST_STEP][PASSED] - closeBrowser(): Browser is closed

2020-06-05 15:05:31 - [MESSAGE][PASSED] - Browser is closed]]></system-out>
         <system-err><![CDATA[]]></system-err>
      </testcase>
      <system-out><![CDATA[2020-06-05 15:03:53 - [TEST_SUITE][PASSED] - 1612745 - Run all test cases: Test Cases/1612745/1612745 - Test sign up]]></system-out>
      <system-err><![CDATA[]]></system-err>
   </testsuite>
</testsuites>
