<?xml version="1.0" encoding="UTF-8"?>
<testsuites name="1612745 - Run all test cases" time="233.924" tests="6" failures="0" errors="0">
   <testsuite name="1612745 - Run all test cases" tests="6" failures="0" errors="0" time="233.924" timestamp="2020-06-04 21:13:10" hostname="haquangtrong - 192.168.1.6" id="Test Suites/1612745 - Run all test cases">
      <properties>
         <property name="deviceName" value=""/>
         <property name="devicePlatform" value=""/>
         <property name="logFolder" value="/Users/haquangtrong/Documents/git/Hw2_TestMattermost_8/Reports/20200604_211253/1612745 - Run all test cases/20200604_211253"/>
         <property name="logFiles" value="/Users/haquangtrong/Documents/git/Hw2_TestMattermost_8/Reports/20200604_211253/1612745 - Run all test cases/20200604_211253/execution0.log"/>
         <property name="attachments" value=""/>
         <property name="hostName" value="haquangtrong - 192.168.1.6"/>
         <property name="os" value="Mac OS X 64bit"/>
         <property name="katalonVersion" value="7.4.0.1"/>
         <property name="browser" value="Firefox 76.0"/>
         <property name="hostAddress" value="192.168.1.6"/>
         <property name="sessionId" value="af6fade9-2907-4242-91d9-7cd40f5f8563"/>
         <property name="seleniumVersion" value="3.141.59"/>
         <property name="proxyInformation" value="ProxyInformation{proxyOption=NO_PROXY, proxyServerType=HTTP, password=, proxyServerAddress=, proxyServerPort=0, executionList=}"/>
         <property name="platform" value="Mac OS X"/>
      </properties>
      <testcase name="Test Cases/1612745/1612745 - Create new team" time="89.817" classname="Test Cases/1612745/1612745 - Create new team" status="PASSED">
         <system-out><![CDATA[2020-06-04 21:13:10 - [TEST_CASE][PASSED] - Test Cases/1612745/1612745 - Create new team: Test Cases/1612745/1612745 - Create new team

2020-06-04 21:13:10 - [TEST_STEP][PASSED] - openBrowser(""): Browser is opened with url: ''

2020-06-04 21:13:11 - [MESSAGE][INFO] - Starting 'Firefox' driver

2020-06-04 21:13:11 - [MESSAGE][INFO] - Action delay is set to 0 milliseconds

2020-06-04 21:13:15 - [MESSAGE][PASSED] - Browser is opened with url: ''

2020-06-04 21:13:15 - [TEST_STEP][PASSED] - navigateToUrl("https://mattermost-master.herokuapp.com/login"): Navigate to 'https://mattermost-master.herokuapp.com/login' successfully

2020-06-04 21:14:01 - [MESSAGE][PASSED] - Navigate to 'https://mattermost-master.herokuapp.com/login' successfully

2020-06-04 21:14:01 - [TEST_STEP][PASSED] - setText(findTestObject("Page_Mattermost/input_All team communication in one place s_703ef5"), "t2ntruong"): Text 't2ntruong' is set on object 'Object Repository/Page_Mattermost/input_All team communication in one place s_703ef5'

2020-06-04 21:14:32 - [MESSAGE][PASSED] - Text 't2ntruong' is set on object 'Object Repository/Page_Mattermost/input_All team communication in one place s_703ef5'

2020-06-04 21:14:32 - [TEST_STEP][PASSED] - setEncryptedText(findTestObject("Page_Mattermost/input_All team communication in one place s_2f2733"), "vItX/nZ/LjgkcP+YDueabg=="): Text ****** has been set on object 'Object Repository/Page_Mattermost/input_All team communication in one place s_2f2733'

2020-06-04 21:14:32 - [MESSAGE][PASSED] - Text ****** has been set on object 'Object Repository/Page_Mattermost/input_All team communication in one place s_2f2733'

2020-06-04 21:14:32 - [TEST_STEP][PASSED] - click(findTestObject("Page_Mattermost/span_Sign in")): Object: 'Object Repository/Page_Mattermost/span_Sign in' is clicked on

2020-06-04 21:14:33 - [MESSAGE][PASSED] - Object: 'Object Repository/Page_Mattermost/span_Sign in' is clicked on

2020-06-04 21:14:33 - [TEST_STEP][PASSED] - click(findTestObject("Page_Town Square - acb Mattermost/button_t2ntruong_style--none sidebar-header_25c4cb")): Object: 'Object Repository/Page_Town Square - acb Mattermost/button_t2ntruong_style--none sidebar-header_25c4cb' is clicked on

2020-06-04 21:14:38 - [MESSAGE][PASSED] - Object: 'Object Repository/Page_Town Square - acb Mattermost/button_t2ntruong_style--none sidebar-header_25c4cb' is clicked on

2020-06-04 21:14:38 - [TEST_STEP][PASSED] - click(findTestObject("Object Repository/Page_Town Square - acb Mattermost/span_Create a Team")): Object: 'Object Repository/Page_Town Square - acb Mattermost/span_Create a Team' is clicked on

2020-06-04 21:14:38 - [MESSAGE][PASSED] - Object: 'Object Repository/Page_Town Square - acb Mattermost/span_Create a Team' is clicked on

2020-06-04 21:14:38 - [TEST_STEP][PASSED] - setText(findTestObject("Object Repository/Page_Town Square - acb Mattermost/input_Team Name_teamNameInput"), nameTeam): Text 'test-t1' is set on object 'Object Repository/Page_Town Square - acb Mattermost/input_Team Name_teamNameInput'

2020-06-04 21:14:39 - [MESSAGE][PASSED] - Text 'test-t1' is set on object 'Object Repository/Page_Town Square - acb Mattermost/input_Team Name_teamNameInput'

2020-06-04 21:14:39 - [TEST_STEP][PASSED] - click(findTestObject("Object Repository/Page_Town Square - acb Mattermost/span_Next")): Object: 'Object Repository/Page_Town Square - acb Mattermost/span_Next' is clicked on

2020-06-04 21:14:40 - [MESSAGE][PASSED] - Object: 'Object Repository/Page_Town Square - acb Mattermost/span_Next' is clicked on]]></system-out>
         <system-err><![CDATA[]]></system-err>
      </testcase>
      <testcase name="Test Cases/1612745/1612745 - Create new team" time="25.029" classname="Test Cases/1612745/1612745 - Create new team" status="PASSED">
         <system-out><![CDATA[2020-06-04 21:14:40 - [TEST_CASE][PASSED] - Test Cases/1612745/1612745 - Create new team: Test Cases/1612745/1612745 - Create new team

2020-06-04 21:14:40 - [TEST_STEP][PASSED] - openBrowser(""): Browser is opened with url: ''

2020-06-04 21:14:40 - [MESSAGE][WARNING] - A browser is already opened. Closing browser and opening a new one

2020-06-04 21:14:41 - [MESSAGE][INFO] - Starting 'Firefox' driver

2020-06-04 21:14:41 - [MESSAGE][INFO] - Action delay is set to 0 milliseconds

2020-06-04 21:14:43 - [MESSAGE][PASSED] - Browser is opened with url: ''

2020-06-04 21:14:43 - [TEST_STEP][PASSED] - navigateToUrl("https://mattermost-master.herokuapp.com/login"): Navigate to 'https://mattermost-master.herokuapp.com/login' successfully

2020-06-04 21:14:52 - [MESSAGE][PASSED] - Navigate to 'https://mattermost-master.herokuapp.com/login' successfully

2020-06-04 21:14:52 - [TEST_STEP][PASSED] - setText(findTestObject("Page_Mattermost/input_All team communication in one place s_703ef5"), "t2ntruong"): Text 't2ntruong' is set on object 'Object Repository/Page_Mattermost/input_All team communication in one place s_703ef5'

2020-06-04 21:14:57 - [MESSAGE][PASSED] - Text 't2ntruong' is set on object 'Object Repository/Page_Mattermost/input_All team communication in one place s_703ef5'

2020-06-04 21:14:57 - [TEST_STEP][PASSED] - setEncryptedText(findTestObject("Page_Mattermost/input_All team communication in one place s_2f2733"), "vItX/nZ/LjgkcP+YDueabg=="): Text ****** has been set on object 'Object Repository/Page_Mattermost/input_All team communication in one place s_2f2733'

2020-06-04 21:14:58 - [MESSAGE][PASSED] - Text ****** has been set on object 'Object Repository/Page_Mattermost/input_All team communication in one place s_2f2733'

2020-06-04 21:14:58 - [TEST_STEP][PASSED] - click(findTestObject("Page_Mattermost/span_Sign in")): Object: 'Object Repository/Page_Mattermost/span_Sign in' is clicked on

2020-06-04 21:14:59 - [MESSAGE][PASSED] - Object: 'Object Repository/Page_Mattermost/span_Sign in' is clicked on

2020-06-04 21:14:59 - [TEST_STEP][PASSED] - click(findTestObject("Page_Town Square - acb Mattermost/button_t2ntruong_style--none sidebar-header_25c4cb")): Object: 'Object Repository/Page_Town Square - acb Mattermost/button_t2ntruong_style--none sidebar-header_25c4cb' is clicked on

2020-06-04 21:15:03 - [MESSAGE][PASSED] - Object: 'Object Repository/Page_Town Square - acb Mattermost/button_t2ntruong_style--none sidebar-header_25c4cb' is clicked on

2020-06-04 21:15:03 - [TEST_STEP][PASSED] - click(findTestObject("Object Repository/Page_Town Square - acb Mattermost/span_Create a Team")): Object: 'Object Repository/Page_Town Square - acb Mattermost/span_Create a Team' is clicked on

2020-06-04 21:15:04 - [MESSAGE][PASSED] - Object: 'Object Repository/Page_Town Square - acb Mattermost/span_Create a Team' is clicked on

2020-06-04 21:15:04 - [TEST_STEP][PASSED] - setText(findTestObject("Object Repository/Page_Town Square - acb Mattermost/input_Team Name_teamNameInput"), nameTeam): Text 'test-t2' is set on object 'Object Repository/Page_Town Square - acb Mattermost/input_Team Name_teamNameInput'

2020-06-04 21:15:04 - [MESSAGE][PASSED] - Text 'test-t2' is set on object 'Object Repository/Page_Town Square - acb Mattermost/input_Team Name_teamNameInput'

2020-06-04 21:15:04 - [TEST_STEP][PASSED] - click(findTestObject("Object Repository/Page_Town Square - acb Mattermost/span_Next")): Object: 'Object Repository/Page_Town Square - acb Mattermost/span_Next' is clicked on

2020-06-04 21:15:05 - [MESSAGE][PASSED] - Object: 'Object Repository/Page_Town Square - acb Mattermost/span_Next' is clicked on]]></system-out>
         <system-err><![CDATA[]]></system-err>
      </testcase>
      <testcase name="Test Cases/1612745/1612745 - Create new team" time="28.959" classname="Test Cases/1612745/1612745 - Create new team" status="PASSED">
         <system-out><![CDATA[2020-06-04 21:15:05 - [TEST_CASE][PASSED] - Test Cases/1612745/1612745 - Create new team: Test Cases/1612745/1612745 - Create new team

2020-06-04 21:15:05 - [TEST_STEP][PASSED] - openBrowser(""): Browser is opened with url: ''

2020-06-04 21:15:05 - [MESSAGE][WARNING] - A browser is already opened. Closing browser and opening a new one

2020-06-04 21:15:07 - [MESSAGE][INFO] - Starting 'Firefox' driver

2020-06-04 21:15:07 - [MESSAGE][INFO] - Action delay is set to 0 milliseconds

2020-06-04 21:15:09 - [MESSAGE][PASSED] - Browser is opened with url: ''

2020-06-04 21:15:09 - [TEST_STEP][PASSED] - navigateToUrl("https://mattermost-master.herokuapp.com/login"): Navigate to 'https://mattermost-master.herokuapp.com/login' successfully

2020-06-04 21:15:19 - [MESSAGE][PASSED] - Navigate to 'https://mattermost-master.herokuapp.com/login' successfully

2020-06-04 21:15:19 - [TEST_STEP][PASSED] - setText(findTestObject("Page_Mattermost/input_All team communication in one place s_703ef5"), "t2ntruong"): Text 't2ntruong' is set on object 'Object Repository/Page_Mattermost/input_All team communication in one place s_703ef5'

2020-06-04 21:15:26 - [MESSAGE][PASSED] - Text 't2ntruong' is set on object 'Object Repository/Page_Mattermost/input_All team communication in one place s_703ef5'

2020-06-04 21:15:26 - [TEST_STEP][PASSED] - setEncryptedText(findTestObject("Page_Mattermost/input_All team communication in one place s_2f2733"), "vItX/nZ/LjgkcP+YDueabg=="): Text ****** has been set on object 'Object Repository/Page_Mattermost/input_All team communication in one place s_2f2733'

2020-06-04 21:15:26 - [MESSAGE][PASSED] - Text ****** has been set on object 'Object Repository/Page_Mattermost/input_All team communication in one place s_2f2733'

2020-06-04 21:15:26 - [TEST_STEP][PASSED] - click(findTestObject("Page_Mattermost/span_Sign in")): Object: 'Object Repository/Page_Mattermost/span_Sign in' is clicked on

2020-06-04 21:15:27 - [MESSAGE][PASSED] - Object: 'Object Repository/Page_Mattermost/span_Sign in' is clicked on

2020-06-04 21:15:27 - [TEST_STEP][PASSED] - click(findTestObject("Page_Town Square - acb Mattermost/button_t2ntruong_style--none sidebar-header_25c4cb")): Object: 'Object Repository/Page_Town Square - acb Mattermost/button_t2ntruong_style--none sidebar-header_25c4cb' is clicked on

2020-06-04 21:15:31 - [MESSAGE][PASSED] - Object: 'Object Repository/Page_Town Square - acb Mattermost/button_t2ntruong_style--none sidebar-header_25c4cb' is clicked on

2020-06-04 21:15:31 - [TEST_STEP][PASSED] - click(findTestObject("Object Repository/Page_Town Square - acb Mattermost/span_Create a Team")): Object: 'Object Repository/Page_Town Square - acb Mattermost/span_Create a Team' is clicked on

2020-06-04 21:15:32 - [MESSAGE][PASSED] - Object: 'Object Repository/Page_Town Square - acb Mattermost/span_Create a Team' is clicked on

2020-06-04 21:15:32 - [TEST_STEP][PASSED] - setText(findTestObject("Object Repository/Page_Town Square - acb Mattermost/input_Team Name_teamNameInput"), nameTeam): Text '' is set on object 'Object Repository/Page_Town Square - acb Mattermost/input_Team Name_teamNameInput'

2020-06-04 21:15:33 - [MESSAGE][PASSED] - Text '' is set on object 'Object Repository/Page_Town Square - acb Mattermost/input_Team Name_teamNameInput'

2020-06-04 21:15:33 - [TEST_STEP][PASSED] - click(findTestObject("Object Repository/Page_Town Square - acb Mattermost/span_Next")): Object: 'Object Repository/Page_Town Square - acb Mattermost/span_Next' is clicked on

2020-06-04 21:15:34 - [MESSAGE][PASSED] - Object: 'Object Repository/Page_Town Square - acb Mattermost/span_Next' is clicked on]]></system-out>
         <system-err><![CDATA[]]></system-err>
      </testcase>
      <testcase name="Test Cases/1612745/1612745 - Create new team" time="26.713" classname="Test Cases/1612745/1612745 - Create new team" status="PASSED">
         <system-out><![CDATA[2020-06-04 21:15:34 - [TEST_CASE][PASSED] - Test Cases/1612745/1612745 - Create new team: Test Cases/1612745/1612745 - Create new team

2020-06-04 21:15:34 - [TEST_STEP][PASSED] - openBrowser(""): Browser is opened with url: ''

2020-06-04 21:15:34 - [MESSAGE][WARNING] - A browser is already opened. Closing browser and opening a new one

2020-06-04 21:15:38 - [MESSAGE][INFO] - Starting 'Firefox' driver

2020-06-04 21:15:38 - [MESSAGE][INFO] - Action delay is set to 0 milliseconds

2020-06-04 21:15:40 - [MESSAGE][PASSED] - Browser is opened with url: ''

2020-06-04 21:15:40 - [TEST_STEP][PASSED] - navigateToUrl("https://mattermost-master.herokuapp.com/login"): Navigate to 'https://mattermost-master.herokuapp.com/login' successfully

2020-06-04 21:15:48 - [MESSAGE][PASSED] - Navigate to 'https://mattermost-master.herokuapp.com/login' successfully

2020-06-04 21:15:48 - [TEST_STEP][PASSED] - setText(findTestObject("Page_Mattermost/input_All team communication in one place s_703ef5"), "t2ntruong"): Text 't2ntruong' is set on object 'Object Repository/Page_Mattermost/input_All team communication in one place s_703ef5'

2020-06-04 21:15:53 - [MESSAGE][PASSED] - Text 't2ntruong' is set on object 'Object Repository/Page_Mattermost/input_All team communication in one place s_703ef5'

2020-06-04 21:15:53 - [TEST_STEP][PASSED] - setEncryptedText(findTestObject("Page_Mattermost/input_All team communication in one place s_2f2733"), "vItX/nZ/LjgkcP+YDueabg=="): Text ****** has been set on object 'Object Repository/Page_Mattermost/input_All team communication in one place s_2f2733'

2020-06-04 21:15:54 - [MESSAGE][PASSED] - Text ****** has been set on object 'Object Repository/Page_Mattermost/input_All team communication in one place s_2f2733'

2020-06-04 21:15:54 - [TEST_STEP][PASSED] - click(findTestObject("Page_Mattermost/span_Sign in")): Object: 'Object Repository/Page_Mattermost/span_Sign in' is clicked on

2020-06-04 21:15:55 - [MESSAGE][PASSED] - Object: 'Object Repository/Page_Mattermost/span_Sign in' is clicked on

2020-06-04 21:15:55 - [TEST_STEP][PASSED] - click(findTestObject("Page_Town Square - acb Mattermost/button_t2ntruong_style--none sidebar-header_25c4cb")): Object: 'Object Repository/Page_Town Square - acb Mattermost/button_t2ntruong_style--none sidebar-header_25c4cb' is clicked on

2020-06-04 21:15:58 - [MESSAGE][PASSED] - Object: 'Object Repository/Page_Town Square - acb Mattermost/button_t2ntruong_style--none sidebar-header_25c4cb' is clicked on

2020-06-04 21:15:58 - [TEST_STEP][PASSED] - click(findTestObject("Object Repository/Page_Town Square - acb Mattermost/span_Create a Team")): Object: 'Object Repository/Page_Town Square - acb Mattermost/span_Create a Team' is clicked on

2020-06-04 21:15:59 - [MESSAGE][PASSED] - Object: 'Object Repository/Page_Town Square - acb Mattermost/span_Create a Team' is clicked on

2020-06-04 21:15:59 - [TEST_STEP][PASSED] - setText(findTestObject("Object Repository/Page_Town Square - acb Mattermost/input_Team Name_teamNameInput"), nameTeam): Text 'a' is set on object 'Object Repository/Page_Town Square - acb Mattermost/input_Team Name_teamNameInput'

2020-06-04 21:16:00 - [MESSAGE][PASSED] - Text 'a' is set on object 'Object Repository/Page_Town Square - acb Mattermost/input_Team Name_teamNameInput'

2020-06-04 21:16:00 - [TEST_STEP][PASSED] - click(findTestObject("Object Repository/Page_Town Square - acb Mattermost/span_Next")): Object: 'Object Repository/Page_Town Square - acb Mattermost/span_Next' is clicked on

2020-06-04 21:16:01 - [MESSAGE][PASSED] - Object: 'Object Repository/Page_Town Square - acb Mattermost/span_Next' is clicked on]]></system-out>
         <system-err><![CDATA[]]></system-err>
      </testcase>
      <testcase name="Test Cases/1612745/1612745 - Create new team" time="27.905" classname="Test Cases/1612745/1612745 - Create new team" status="PASSED">
         <system-out><![CDATA[2020-06-04 21:16:01 - [TEST_CASE][PASSED] - Test Cases/1612745/1612745 - Create new team: Test Cases/1612745/1612745 - Create new team

2020-06-04 21:16:01 - [TEST_STEP][PASSED] - openBrowser(""): Browser is opened with url: ''

2020-06-04 21:16:01 - [MESSAGE][WARNING] - A browser is already opened. Closing browser and opening a new one

2020-06-04 21:16:02 - [MESSAGE][INFO] - Starting 'Firefox' driver

2020-06-04 21:16:02 - [MESSAGE][INFO] - Action delay is set to 0 milliseconds

2020-06-04 21:16:05 - [MESSAGE][PASSED] - Browser is opened with url: ''

2020-06-04 21:16:05 - [TEST_STEP][PASSED] - navigateToUrl("https://mattermost-master.herokuapp.com/login"): Navigate to 'https://mattermost-master.herokuapp.com/login' successfully

2020-06-04 21:16:15 - [MESSAGE][PASSED] - Navigate to 'https://mattermost-master.herokuapp.com/login' successfully

2020-06-04 21:16:15 - [TEST_STEP][PASSED] - setText(findTestObject("Page_Mattermost/input_All team communication in one place s_703ef5"), "t2ntruong"): Text 't2ntruong' is set on object 'Object Repository/Page_Mattermost/input_All team communication in one place s_703ef5'

2020-06-04 21:16:22 - [MESSAGE][PASSED] - Text 't2ntruong' is set on object 'Object Repository/Page_Mattermost/input_All team communication in one place s_703ef5'

2020-06-04 21:16:22 - [TEST_STEP][PASSED] - setEncryptedText(findTestObject("Page_Mattermost/input_All team communication in one place s_2f2733"), "vItX/nZ/LjgkcP+YDueabg=="): Text ****** has been set on object 'Object Repository/Page_Mattermost/input_All team communication in one place s_2f2733'

2020-06-04 21:16:22 - [MESSAGE][PASSED] - Text ****** has been set on object 'Object Repository/Page_Mattermost/input_All team communication in one place s_2f2733'

2020-06-04 21:16:22 - [TEST_STEP][PASSED] - click(findTestObject("Page_Mattermost/span_Sign in")): Object: 'Object Repository/Page_Mattermost/span_Sign in' is clicked on

2020-06-04 21:16:23 - [MESSAGE][PASSED] - Object: 'Object Repository/Page_Mattermost/span_Sign in' is clicked on

2020-06-04 21:16:23 - [TEST_STEP][PASSED] - click(findTestObject("Page_Town Square - acb Mattermost/button_t2ntruong_style--none sidebar-header_25c4cb")): Object: 'Object Repository/Page_Town Square - acb Mattermost/button_t2ntruong_style--none sidebar-header_25c4cb' is clicked on

2020-06-04 21:16:26 - [MESSAGE][PASSED] - Object: 'Object Repository/Page_Town Square - acb Mattermost/button_t2ntruong_style--none sidebar-header_25c4cb' is clicked on

2020-06-04 21:16:26 - [TEST_STEP][PASSED] - click(findTestObject("Object Repository/Page_Town Square - acb Mattermost/span_Create a Team")): Object: 'Object Repository/Page_Town Square - acb Mattermost/span_Create a Team' is clicked on

2020-06-04 21:16:27 - [MESSAGE][PASSED] - Object: 'Object Repository/Page_Town Square - acb Mattermost/span_Create a Team' is clicked on

2020-06-04 21:16:27 - [TEST_STEP][PASSED] - setText(findTestObject("Object Repository/Page_Town Square - acb Mattermost/input_Team Name_teamNameInput"), nameTeam): Text '@#' is set on object 'Object Repository/Page_Town Square - acb Mattermost/input_Team Name_teamNameInput'

2020-06-04 21:16:28 - [MESSAGE][PASSED] - Text '@#' is set on object 'Object Repository/Page_Town Square - acb Mattermost/input_Team Name_teamNameInput'

2020-06-04 21:16:28 - [TEST_STEP][PASSED] - click(findTestObject("Object Repository/Page_Town Square - acb Mattermost/span_Next")): Object: 'Object Repository/Page_Town Square - acb Mattermost/span_Next' is clicked on

2020-06-04 21:16:28 - [MESSAGE][PASSED] - Object: 'Object Repository/Page_Town Square - acb Mattermost/span_Next' is clicked on]]></system-out>
         <system-err><![CDATA[]]></system-err>
      </testcase>
      <testcase name="Test Cases/1612745/1612745 - Create new team" time="32.278" classname="Test Cases/1612745/1612745 - Create new team" status="PASSED">
         <system-out><![CDATA[2020-06-04 21:16:28 - [TEST_CASE][PASSED] - Test Cases/1612745/1612745 - Create new team: Test Cases/1612745/1612745 - Create new team

2020-06-04 21:16:28 - [TEST_STEP][PASSED] - openBrowser(""): Browser is opened with url: ''

2020-06-04 21:16:28 - [MESSAGE][WARNING] - A browser is already opened. Closing browser and opening a new one

2020-06-04 21:16:31 - [MESSAGE][INFO] - Starting 'Firefox' driver

2020-06-04 21:16:31 - [MESSAGE][INFO] - Action delay is set to 0 milliseconds

2020-06-04 21:16:34 - [MESSAGE][PASSED] - Browser is opened with url: ''

2020-06-04 21:16:34 - [TEST_STEP][PASSED] - navigateToUrl("https://mattermost-master.herokuapp.com/login"): Navigate to 'https://mattermost-master.herokuapp.com/login' successfully

2020-06-04 21:16:44 - [MESSAGE][PASSED] - Navigate to 'https://mattermost-master.herokuapp.com/login' successfully

2020-06-04 21:16:44 - [TEST_STEP][PASSED] - setText(findTestObject("Page_Mattermost/input_All team communication in one place s_703ef5"), "t2ntruong"): Text 't2ntruong' is set on object 'Object Repository/Page_Mattermost/input_All team communication in one place s_703ef5'

2020-06-04 21:16:53 - [MESSAGE][PASSED] - Text 't2ntruong' is set on object 'Object Repository/Page_Mattermost/input_All team communication in one place s_703ef5'

2020-06-04 21:16:53 - [TEST_STEP][PASSED] - setEncryptedText(findTestObject("Page_Mattermost/input_All team communication in one place s_2f2733"), "vItX/nZ/LjgkcP+YDueabg=="): Text ****** has been set on object 'Object Repository/Page_Mattermost/input_All team communication in one place s_2f2733'

2020-06-04 21:16:54 - [MESSAGE][PASSED] - Text ****** has been set on object 'Object Repository/Page_Mattermost/input_All team communication in one place s_2f2733'

2020-06-04 21:16:54 - [TEST_STEP][PASSED] - click(findTestObject("Page_Mattermost/span_Sign in")): Object: 'Object Repository/Page_Mattermost/span_Sign in' is clicked on

2020-06-04 21:16:54 - [MESSAGE][PASSED] - Object: 'Object Repository/Page_Mattermost/span_Sign in' is clicked on

2020-06-04 21:16:54 - [TEST_STEP][PASSED] - click(findTestObject("Page_Town Square - acb Mattermost/button_t2ntruong_style--none sidebar-header_25c4cb")): Object: 'Object Repository/Page_Town Square - acb Mattermost/button_t2ntruong_style--none sidebar-header_25c4cb' is clicked on

2020-06-04 21:16:58 - [MESSAGE][PASSED] - Object: 'Object Repository/Page_Town Square - acb Mattermost/button_t2ntruong_style--none sidebar-header_25c4cb' is clicked on

2020-06-04 21:16:58 - [TEST_STEP][PASSED] - click(findTestObject("Object Repository/Page_Town Square - acb Mattermost/span_Create a Team")): Object: 'Object Repository/Page_Town Square - acb Mattermost/span_Create a Team' is clicked on

2020-06-04 21:16:59 - [MESSAGE][PASSED] - Object: 'Object Repository/Page_Town Square - acb Mattermost/span_Create a Team' is clicked on

2020-06-04 21:16:59 - [TEST_STEP][PASSED] - setText(findTestObject("Object Repository/Page_Town Square - acb Mattermost/input_Team Name_teamNameInput"), nameTeam): Text 'test-t1' is set on object 'Object Repository/Page_Town Square - acb Mattermost/input_Team Name_teamNameInput'

2020-06-04 21:17:00 - [MESSAGE][PASSED] - Text 'test-t1' is set on object 'Object Repository/Page_Town Square - acb Mattermost/input_Team Name_teamNameInput'

2020-06-04 21:17:00 - [TEST_STEP][PASSED] - click(findTestObject("Object Repository/Page_Town Square - acb Mattermost/span_Next")): Object: 'Object Repository/Page_Town Square - acb Mattermost/span_Next' is clicked on

2020-06-04 21:17:01 - [MESSAGE][PASSED] - Object: 'Object Repository/Page_Town Square - acb Mattermost/span_Next' is clicked on]]></system-out>
         <system-err><![CDATA[]]></system-err>
      </testcase>
      <system-out><![CDATA[2020-06-04 21:13:10 - [TEST_SUITE][PASSED] - 1612745 - Run all test cases: Test Cases/1612745/1612745 - Create new team]]></system-out>
      <system-err><![CDATA[]]></system-err>
   </testsuite>
</testsuites>
