<?xml version="1.0" encoding="UTF-8"?>
<testsuites name="1612715 - Run all test case" time="51.252" tests="2" failures="0" errors="0">
   <testsuite name="1612715 - Run all test case" tests="2" failures="0" errors="0" time="51.252" timestamp="2020-05-29 10:01:41" hostname="tnguyen583 - VNPF1RDYXX.mshome.net" id="Test Suites/1612715 - Run all test case">
      <properties>
         <property name="deviceName" value=""/>
         <property name="devicePlatform" value=""/>
         <property name="logFolder" value="C:\\Users\\tnguyen583\\Desktop\\HCMUS\\CDNC\\HW2\\Hw2_TestMattermost_8\\Reports\\20200529_100137\\1612715 - Run all test case\\20200529_100137"/>
         <property name="logFiles" value="C:\\Users\\tnguyen583\\Desktop\\HCMUS\\CDNC\\HW2\\Hw2_TestMattermost_8\\Reports\\20200529_100137\\1612715 - Run all test case\\20200529_100137\\execution0.log"/>
         <property name="attachments" value=""/>
         <property name="hostName" value="tnguyen583 - VNPF1RDYXX.mshome.net"/>
         <property name="os" value="Windows 10 64bit"/>
         <property name="katalonVersion" value="7.4.0.1"/>
         <property name="browser" value="Firefox 76.0"/>
         <property name="hostAddress" value="172.19.138.145"/>
         <property name="sessionId" value="06bdaa3a-9258-4d3f-a9cc-34d3c2ecaa40"/>
         <property name="seleniumVersion" value="3.141.59"/>
         <property name="proxyInformation" value="ProxyInformation{proxyOption=NO_PROXY, proxyServerType=HTTP, password=, proxyServerAddress=, proxyServerPort=0, executionList=}"/>
         <property name="platform" value="Windows 10"/>
      </properties>
      <testcase name="Test Cases/1612175 - Public Channels/1612715 - Test Public Channels_Public" time="25.485" classname="Test Cases/1612175 - Public Channels/1612715 - Test Public Channels_Public" status="PASSED">
         <system-out><![CDATA[2020-05-29 10:01:41 - [TEST_CASE][PASSED] - Test Cases/1612175 - Public Channels/1612715 - Test Public Channels_Public: Test Cases/1612175 - Public Channels/1612715 - Test Public Channels_Public

2020-05-29 10:01:42 - [TEST_STEP][PASSED] - openBrowser(""): Browser is opened with url: ''

2020-05-29 10:01:42 - [MESSAGE][INFO] - Starting 'Firefox' driver

2020-05-29 10:01:42 - [MESSAGE][INFO] - Action delay is set to 0 milliseconds

2020-05-29 10:01:49 - [MESSAGE][PASSED] - Browser is opened with url: ''

2020-05-29 10:01:49 - [TEST_STEP][PASSED] - navigateToUrl("https://mattermost-master.herokuapp.com/teamchudenc/channels/town-square"): Navigate to 'https://mattermost-master.herokuapp.com/teamchudenc/channels/town-square' successfully

2020-05-29 10:01:54 - [MESSAGE][PASSED] - Navigate to 'https://mattermost-master.herokuapp.com/teamchudenc/channels/town-square' successfully

2020-05-29 10:01:54 - [TEST_STEP][PASSED] - setText(findTestObject("Page_Mattermost/input_All team communication in one place s_703ef5"), username): Text '1612759@student.hcmus.edu.vn' is set on object 'Object Repository/Page_Mattermost/input_All team communication in one place s_703ef5'

2020-05-29 10:02:01 - [MESSAGE][PASSED] - Text '1612759@student.hcmus.edu.vn' is set on object 'Object Repository/Page_Mattermost/input_All team communication in one place s_703ef5'

2020-05-29 10:02:01 - [TEST_STEP][PASSED] - setEncryptedText(findTestObject("Page_Mattermost/input_All team communication in one place s_2f2733"), password): Text ****** has been set on object 'Object Repository/Page_Mattermost/input_All team communication in one place s_2f2733'

2020-05-29 10:02:01 - [MESSAGE][PASSED] - Text ****** has been set on object 'Object Repository/Page_Mattermost/input_All team communication in one place s_2f2733'

2020-05-29 10:02:01 - [TEST_STEP][PASSED] - click(findTestObject("Page_Mattermost/span_Sign in")): Object: 'Object Repository/Page_Mattermost/span_Sign in' is clicked on

2020-05-29 10:02:02 - [MESSAGE][PASSED] - Object: 'Object Repository/Page_Mattermost/span_Sign in' is clicked on

2020-05-29 10:02:02 - [TEST_STEP][PASSED] - click(findTestObject("Object Repository/Page_Town Square - TeamChuDeNC Mattermost/span_")): Object: 'Object Repository/Page_Town Square - TeamChuDeNC Mattermost/span_' is clicked on

2020-05-29 10:02:05 - [MESSAGE][PASSED] - Object: 'Object Repository/Page_Town Square - TeamChuDeNC Mattermost/span_' is clicked on

2020-05-29 10:02:05 - [TEST_STEP][PASSED] - click(findTestObject("Object Repository/Page_Town Square - TeamChuDeNC Mattermost/span_Create Channel")): Object: 'Object Repository/Page_Town Square - TeamChuDeNC Mattermost/span_Create Channel' is clicked on

2020-05-29 10:02:06 - [MESSAGE][PASSED] - Object: 'Object Repository/Page_Town Square - TeamChuDeNC Mattermost/span_Create Channel' is clicked on

2020-05-29 10:02:06 - [TEST_STEP][PASSED] - setText(findTestObject("Object Repository/Page_Town Square - TeamChuDeNC Mattermost/input_Name_newChannelName"), name): Text 'test1' is set on object 'Object Repository/Page_Town Square - TeamChuDeNC Mattermost/input_Name_newChannelName'

2020-05-29 10:02:06 - [MESSAGE][PASSED] - Text 'test1' is set on object 'Object Repository/Page_Town Square - TeamChuDeNC Mattermost/input_Name_newChannelName'

2020-05-29 10:02:06 - [TEST_STEP][PASSED] - click(findTestObject("Object Repository/Page_Town Square - TeamChuDeNC Mattermost/span_Create Channel")): Object: 'Object Repository/Page_Town Square - TeamChuDeNC Mattermost/span_Create Channel' is clicked on

2020-05-29 10:02:07 - [MESSAGE][PASSED] - Object: 'Object Repository/Page_Town Square - TeamChuDeNC Mattermost/span_Create Channel' is clicked on]]></system-out>
         <system-err><![CDATA[]]></system-err>
      </testcase>
      <testcase name="Test Cases/1612175 - Public Channels/1612715 - Test Public Channels_Public" time="23.001" classname="Test Cases/1612175 - Public Channels/1612715 - Test Public Channels_Public" status="PASSED">
         <system-out><![CDATA[2020-05-29 10:02:07 - [TEST_CASE][PASSED] - Test Cases/1612175 - Public Channels/1612715 - Test Public Channels_Public: Test Cases/1612175 - Public Channels/1612715 - Test Public Channels_Public

2020-05-29 10:02:07 - [TEST_STEP][PASSED] - openBrowser(""): Browser is opened with url: ''

2020-05-29 10:02:07 - [MESSAGE][WARNING] - A browser is already opened. Closing browser and opening a new one

2020-05-29 10:02:09 - [MESSAGE][INFO] - Starting 'Firefox' driver

2020-05-29 10:02:09 - [MESSAGE][INFO] - Action delay is set to 0 milliseconds

2020-05-29 10:02:14 - [MESSAGE][PASSED] - Browser is opened with url: ''

2020-05-29 10:02:14 - [TEST_STEP][PASSED] - navigateToUrl("https://mattermost-master.herokuapp.com/teamchudenc/channels/town-square"): Navigate to 'https://mattermost-master.herokuapp.com/teamchudenc/channels/town-square' successfully

2020-05-29 10:02:18 - [MESSAGE][PASSED] - Navigate to 'https://mattermost-master.herokuapp.com/teamchudenc/channels/town-square' successfully

2020-05-29 10:02:18 - [TEST_STEP][PASSED] - setText(findTestObject("Page_Mattermost/input_All team communication in one place s_703ef5"), username): Text '1612759@student.hcmus.edu.vn' is set on object 'Object Repository/Page_Mattermost/input_All team communication in one place s_703ef5'

2020-05-29 10:02:24 - [MESSAGE][PASSED] - Text '1612759@student.hcmus.edu.vn' is set on object 'Object Repository/Page_Mattermost/input_All team communication in one place s_703ef5'

2020-05-29 10:02:24 - [TEST_STEP][PASSED] - setEncryptedText(findTestObject("Page_Mattermost/input_All team communication in one place s_2f2733"), password): Text ****** has been set on object 'Object Repository/Page_Mattermost/input_All team communication in one place s_2f2733'

2020-05-29 10:02:25 - [MESSAGE][PASSED] - Text ****** has been set on object 'Object Repository/Page_Mattermost/input_All team communication in one place s_2f2733'

2020-05-29 10:02:25 - [TEST_STEP][PASSED] - click(findTestObject("Page_Mattermost/span_Sign in")): Object: 'Object Repository/Page_Mattermost/span_Sign in' is clicked on

2020-05-29 10:02:25 - [MESSAGE][PASSED] - Object: 'Object Repository/Page_Mattermost/span_Sign in' is clicked on

2020-05-29 10:02:25 - [TEST_STEP][PASSED] - click(findTestObject("Object Repository/Page_Town Square - TeamChuDeNC Mattermost/span_")): Object: 'Object Repository/Page_Town Square - TeamChuDeNC Mattermost/span_' is clicked on

2020-05-29 10:02:28 - [MESSAGE][PASSED] - Object: 'Object Repository/Page_Town Square - TeamChuDeNC Mattermost/span_' is clicked on

2020-05-29 10:02:28 - [TEST_STEP][PASSED] - click(findTestObject("Object Repository/Page_Town Square - TeamChuDeNC Mattermost/span_Create Channel")): Object: 'Object Repository/Page_Town Square - TeamChuDeNC Mattermost/span_Create Channel' is clicked on

2020-05-29 10:02:28 - [MESSAGE][PASSED] - Object: 'Object Repository/Page_Town Square - TeamChuDeNC Mattermost/span_Create Channel' is clicked on

2020-05-29 10:02:28 - [TEST_STEP][PASSED] - setText(findTestObject("Object Repository/Page_Town Square - TeamChuDeNC Mattermost/input_Name_newChannelName"), name): Text 'Test2' is set on object 'Object Repository/Page_Town Square - TeamChuDeNC Mattermost/input_Name_newChannelName'

2020-05-29 10:02:29 - [MESSAGE][PASSED] - Text 'Test2' is set on object 'Object Repository/Page_Town Square - TeamChuDeNC Mattermost/input_Name_newChannelName'

2020-05-29 10:02:29 - [TEST_STEP][PASSED] - click(findTestObject("Object Repository/Page_Town Square - TeamChuDeNC Mattermost/span_Create Channel")): Object: 'Object Repository/Page_Town Square - TeamChuDeNC Mattermost/span_Create Channel' is clicked on

2020-05-29 10:02:30 - [MESSAGE][PASSED] - Object: 'Object Repository/Page_Town Square - TeamChuDeNC Mattermost/span_Create Channel' is clicked on]]></system-out>
         <system-err><![CDATA[]]></system-err>
      </testcase>
      <system-out><![CDATA[2020-05-29 10:01:41 - [TEST_SUITE][PASSED] - 1612715 - Run all test case: Test Cases/1612175 - Public Channels/1612715 - Test Public Channels_Public]]></system-out>
      <system-err><![CDATA[]]></system-err>
   </testsuite>
</testsuites>
