<?xml version="1.0" encoding="UTF-8"?>
<testsuites name="1612745 - Run all test cases" time="80.972" tests="5" failures="0" errors="0">
   <testsuite name="1612745 - Run all test cases" tests="5" failures="0" errors="0" time="80.972" timestamp="2020-06-05 00:06:54" hostname="haquangtrong - 192.168.1.6" id="Test Suites/1612745 - Run all test cases">
      <properties>
         <property name="deviceName" value=""/>
         <property name="devicePlatform" value=""/>
         <property name="logFolder" value="/Users/haquangtrong/Documents/git/Hw2_TestMattermost_8/Reports/20200605_000641/1612745 - Run all test cases/20200605_000641"/>
         <property name="logFiles" value="/Users/haquangtrong/Documents/git/Hw2_TestMattermost_8/Reports/20200605_000641/1612745 - Run all test cases/20200605_000641/execution0.log"/>
         <property name="attachments" value=""/>
         <property name="hostName" value="haquangtrong - 192.168.1.6"/>
         <property name="os" value="Mac OS X 64bit"/>
         <property name="katalonVersion" value="7.4.0.1"/>
         <property name="browser" value="Firefox 76.0"/>
         <property name="hostAddress" value="192.168.1.6"/>
         <property name="sessionId" value="fd67c0b7-59e7-2940-8c74-212e6290feab"/>
         <property name="seleniumVersion" value="3.141.59"/>
         <property name="proxyInformation" value="ProxyInformation{proxyOption=NO_PROXY, proxyServerType=HTTP, password=, proxyServerAddress=, proxyServerPort=0, executionList=}"/>
         <property name="platform" value="Mac OS X"/>
      </properties>
      <testcase name="Test Cases/1612745/1612745 - Test Reset password" time="22.494" classname="Test Cases/1612745/1612745 - Test Reset password" status="PASSED">
         <system-out><![CDATA[2020-06-05 00:06:54 - [TEST_CASE][PASSED] - Test Cases/1612745/1612745 - Test Reset password: Test Cases/1612745/1612745 - Test Reset password

2020-06-05 00:06:54 - [TEST_STEP][PASSED] - openBrowser(""): Browser is opened with url: ''

2020-06-05 00:06:55 - [MESSAGE][INFO] - Starting 'Firefox' driver

2020-06-05 00:06:55 - [MESSAGE][INFO] - Action delay is set to 0 milliseconds

2020-06-05 00:06:59 - [MESSAGE][PASSED] - Browser is opened with url: ''

2020-06-05 00:06:59 - [TEST_STEP][PASSED] - navigateToUrl("https://mattermost-master.herokuapp.com/login"): Navigate to 'https://mattermost-master.herokuapp.com/login' successfully

2020-06-05 00:07:07 - [MESSAGE][PASSED] - Navigate to 'https://mattermost-master.herokuapp.com/login' successfully

2020-06-05 00:07:07 - [TEST_STEP][PASSED] - click(findTestObject("Object Repository/Page_Mattermost/span_I forgot my password")): Object: 'Object Repository/Page_Mattermost/span_I forgot my password' is clicked on

2020-06-05 00:07:13 - [MESSAGE][PASSED] - Object: 'Object Repository/Page_Mattermost/span_I forgot my password' is clicked on

2020-06-05 00:07:13 - [TEST_STEP][PASSED] - setText(findTestObject("Object Repository/Page_Mattermost/input_To reset your password enter the emai_5f6d79"), email): Text 'test@test.com' is set on object 'Object Repository/Page_Mattermost/input_To reset your password enter the emai_5f6d79'

2020-06-05 00:07:14 - [MESSAGE][PASSED] - Text 'test@test.com' is set on object 'Object Repository/Page_Mattermost/input_To reset your password enter the emai_5f6d79'

2020-06-05 00:07:14 - [TEST_STEP][PASSED] - click(findTestObject("Object Repository/Page_Mattermost/span_Reset my password")): Object: 'Object Repository/Page_Mattermost/span_Reset my password' is clicked on

2020-06-05 00:07:14 - [MESSAGE][PASSED] - Object: 'Object Repository/Page_Mattermost/span_Reset my password' is clicked on

2020-06-05 00:07:14 - [TEST_STEP][PASSED] - click(findTestObject("Object Repository/Page_Mattermost/span_Back")): Object: 'Object Repository/Page_Mattermost/span_Back' is clicked on

2020-06-05 00:07:15 - [MESSAGE][PASSED] - Object: 'Object Repository/Page_Mattermost/span_Back' is clicked on

2020-06-05 00:07:15 - [TEST_STEP][PASSED] - closeBrowser(): Browser is closed

2020-06-05 00:07:17 - [MESSAGE][PASSED] - Browser is closed]]></system-out>
         <system-err><![CDATA[]]></system-err>
      </testcase>
      <testcase name="Test Cases/1612745/1612745 - Test Reset password" time="15.585" classname="Test Cases/1612745/1612745 - Test Reset password" status="PASSED">
         <system-out><![CDATA[2020-06-05 00:07:17 - [TEST_CASE][PASSED] - Test Cases/1612745/1612745 - Test Reset password: Test Cases/1612745/1612745 - Test Reset password

2020-06-05 00:07:17 - [TEST_STEP][PASSED] - openBrowser(""): Browser is opened with url: ''

2020-06-05 00:07:17 - [MESSAGE][INFO] - Starting 'Firefox' driver

2020-06-05 00:07:17 - [MESSAGE][INFO] - Action delay is set to 0 milliseconds

2020-06-05 00:07:19 - [MESSAGE][PASSED] - Browser is opened with url: ''

2020-06-05 00:07:19 - [TEST_STEP][PASSED] - navigateToUrl("https://mattermost-master.herokuapp.com/login"): Navigate to 'https://mattermost-master.herokuapp.com/login' successfully

2020-06-05 00:07:24 - [MESSAGE][PASSED] - Navigate to 'https://mattermost-master.herokuapp.com/login' successfully

2020-06-05 00:07:24 - [TEST_STEP][PASSED] - click(findTestObject("Object Repository/Page_Mattermost/span_I forgot my password")): Object: 'Object Repository/Page_Mattermost/span_I forgot my password' is clicked on

2020-06-05 00:07:28 - [MESSAGE][PASSED] - Object: 'Object Repository/Page_Mattermost/span_I forgot my password' is clicked on

2020-06-05 00:07:28 - [TEST_STEP][PASSED] - setText(findTestObject("Object Repository/Page_Mattermost/input_To reset your password enter the emai_5f6d79"), email): Text 'test' is set on object 'Object Repository/Page_Mattermost/input_To reset your password enter the emai_5f6d79'

2020-06-05 00:07:29 - [MESSAGE][PASSED] - Text 'test' is set on object 'Object Repository/Page_Mattermost/input_To reset your password enter the emai_5f6d79'

2020-06-05 00:07:29 - [TEST_STEP][PASSED] - click(findTestObject("Object Repository/Page_Mattermost/span_Reset my password")): Object: 'Object Repository/Page_Mattermost/span_Reset my password' is clicked on

2020-06-05 00:07:29 - [MESSAGE][PASSED] - Object: 'Object Repository/Page_Mattermost/span_Reset my password' is clicked on

2020-06-05 00:07:29 - [TEST_STEP][PASSED] - click(findTestObject("Object Repository/Page_Mattermost/span_Back")): Object: 'Object Repository/Page_Mattermost/span_Back' is clicked on

2020-06-05 00:07:30 - [MESSAGE][PASSED] - Object: 'Object Repository/Page_Mattermost/span_Back' is clicked on

2020-06-05 00:07:30 - [TEST_STEP][PASSED] - closeBrowser(): Browser is closed

2020-06-05 00:07:32 - [MESSAGE][PASSED] - Browser is closed]]></system-out>
         <system-err><![CDATA[]]></system-err>
      </testcase>
      <testcase name="Test Cases/1612745/1612745 - Test Reset password" time="13.701" classname="Test Cases/1612745/1612745 - Test Reset password" status="PASSED">
         <system-out><![CDATA[2020-06-05 00:07:32 - [TEST_CASE][PASSED] - Test Cases/1612745/1612745 - Test Reset password: Test Cases/1612745/1612745 - Test Reset password

2020-06-05 00:07:32 - [TEST_STEP][PASSED] - openBrowser(""): Browser is opened with url: ''

2020-06-05 00:07:32 - [MESSAGE][INFO] - Starting 'Firefox' driver

2020-06-05 00:07:32 - [MESSAGE][INFO] - Action delay is set to 0 milliseconds

2020-06-05 00:07:35 - [MESSAGE][PASSED] - Browser is opened with url: ''

2020-06-05 00:07:35 - [TEST_STEP][PASSED] - navigateToUrl("https://mattermost-master.herokuapp.com/login"): Navigate to 'https://mattermost-master.herokuapp.com/login' successfully

2020-06-05 00:07:38 - [MESSAGE][PASSED] - Navigate to 'https://mattermost-master.herokuapp.com/login' successfully

2020-06-05 00:07:38 - [TEST_STEP][PASSED] - click(findTestObject("Object Repository/Page_Mattermost/span_I forgot my password")): Object: 'Object Repository/Page_Mattermost/span_I forgot my password' is clicked on

2020-06-05 00:07:43 - [MESSAGE][PASSED] - Object: 'Object Repository/Page_Mattermost/span_I forgot my password' is clicked on

2020-06-05 00:07:43 - [TEST_STEP][PASSED] - setText(findTestObject("Object Repository/Page_Mattermost/input_To reset your password enter the emai_5f6d79"), email): Text '@test.com' is set on object 'Object Repository/Page_Mattermost/input_To reset your password enter the emai_5f6d79'

2020-06-05 00:07:43 - [MESSAGE][PASSED] - Text '@test.com' is set on object 'Object Repository/Page_Mattermost/input_To reset your password enter the emai_5f6d79'

2020-06-05 00:07:43 - [TEST_STEP][PASSED] - click(findTestObject("Object Repository/Page_Mattermost/span_Reset my password")): Object: 'Object Repository/Page_Mattermost/span_Reset my password' is clicked on

2020-06-05 00:07:44 - [MESSAGE][PASSED] - Object: 'Object Repository/Page_Mattermost/span_Reset my password' is clicked on

2020-06-05 00:07:44 - [TEST_STEP][PASSED] - click(findTestObject("Object Repository/Page_Mattermost/span_Back")): Object: 'Object Repository/Page_Mattermost/span_Back' is clicked on

2020-06-05 00:07:44 - [MESSAGE][PASSED] - Object: 'Object Repository/Page_Mattermost/span_Back' is clicked on

2020-06-05 00:07:44 - [TEST_STEP][PASSED] - closeBrowser(): Browser is closed

2020-06-05 00:07:46 - [MESSAGE][PASSED] - Browser is closed]]></system-out>
         <system-err><![CDATA[]]></system-err>
      </testcase>
      <testcase name="Test Cases/1612745/1612745 - Test Reset password" time="14.807" classname="Test Cases/1612745/1612745 - Test Reset password" status="PASSED">
         <system-out><![CDATA[2020-06-05 00:07:46 - [TEST_CASE][PASSED] - Test Cases/1612745/1612745 - Test Reset password: Test Cases/1612745/1612745 - Test Reset password

2020-06-05 00:07:46 - [TEST_STEP][PASSED] - openBrowser(""): Browser is opened with url: ''

2020-06-05 00:07:46 - [MESSAGE][INFO] - Starting 'Firefox' driver

2020-06-05 00:07:46 - [MESSAGE][INFO] - Action delay is set to 0 milliseconds

2020-06-05 00:07:49 - [MESSAGE][PASSED] - Browser is opened with url: ''

2020-06-05 00:07:49 - [TEST_STEP][PASSED] - navigateToUrl("https://mattermost-master.herokuapp.com/login"): Navigate to 'https://mattermost-master.herokuapp.com/login' successfully

2020-06-05 00:07:52 - [MESSAGE][PASSED] - Navigate to 'https://mattermost-master.herokuapp.com/login' successfully

2020-06-05 00:07:52 - [TEST_STEP][PASSED] - click(findTestObject("Object Repository/Page_Mattermost/span_I forgot my password")): Object: 'Object Repository/Page_Mattermost/span_I forgot my password' is clicked on

2020-06-05 00:07:57 - [MESSAGE][PASSED] - Object: 'Object Repository/Page_Mattermost/span_I forgot my password' is clicked on

2020-06-05 00:07:57 - [TEST_STEP][PASSED] - setText(findTestObject("Object Repository/Page_Mattermost/input_To reset your password enter the emai_5f6d79"), email): Text 'test2@gmail.com' is set on object 'Object Repository/Page_Mattermost/input_To reset your password enter the emai_5f6d79'

2020-06-05 00:07:58 - [MESSAGE][PASSED] - Text 'test2@gmail.com' is set on object 'Object Repository/Page_Mattermost/input_To reset your password enter the emai_5f6d79'

2020-06-05 00:07:58 - [TEST_STEP][PASSED] - click(findTestObject("Object Repository/Page_Mattermost/span_Reset my password")): Object: 'Object Repository/Page_Mattermost/span_Reset my password' is clicked on

2020-06-05 00:07:58 - [MESSAGE][PASSED] - Object: 'Object Repository/Page_Mattermost/span_Reset my password' is clicked on

2020-06-05 00:07:58 - [TEST_STEP][PASSED] - click(findTestObject("Object Repository/Page_Mattermost/span_Back")): Object: 'Object Repository/Page_Mattermost/span_Back' is clicked on

2020-06-05 00:07:59 - [MESSAGE][PASSED] - Object: 'Object Repository/Page_Mattermost/span_Back' is clicked on

2020-06-05 00:07:59 - [TEST_STEP][PASSED] - closeBrowser(): Browser is closed

2020-06-05 00:08:01 - [MESSAGE][PASSED] - Browser is closed]]></system-out>
         <system-err><![CDATA[]]></system-err>
      </testcase>
      <testcase name="Test Cases/1612745/1612745 - Test Reset password" time="13.776" classname="Test Cases/1612745/1612745 - Test Reset password" status="PASSED">
         <system-out><![CDATA[2020-06-05 00:08:01 - [TEST_CASE][PASSED] - Test Cases/1612745/1612745 - Test Reset password: Test Cases/1612745/1612745 - Test Reset password

2020-06-05 00:08:01 - [TEST_STEP][PASSED] - openBrowser(""): Browser is opened with url: ''

2020-06-05 00:08:01 - [MESSAGE][INFO] - Starting 'Firefox' driver

2020-06-05 00:08:01 - [MESSAGE][INFO] - Action delay is set to 0 milliseconds

2020-06-05 00:08:04 - [MESSAGE][PASSED] - Browser is opened with url: ''

2020-06-05 00:08:04 - [TEST_STEP][PASSED] - navigateToUrl("https://mattermost-master.herokuapp.com/login"): Navigate to 'https://mattermost-master.herokuapp.com/login' successfully

2020-06-05 00:08:08 - [MESSAGE][PASSED] - Navigate to 'https://mattermost-master.herokuapp.com/login' successfully

2020-06-05 00:08:08 - [TEST_STEP][PASSED] - click(findTestObject("Object Repository/Page_Mattermost/span_I forgot my password")): Object: 'Object Repository/Page_Mattermost/span_I forgot my password' is clicked on

2020-06-05 00:08:11 - [MESSAGE][PASSED] - Object: 'Object Repository/Page_Mattermost/span_I forgot my password' is clicked on

2020-06-05 00:08:11 - [TEST_STEP][PASSED] - setText(findTestObject("Object Repository/Page_Mattermost/input_To reset your password enter the emai_5f6d79"), email): Text 'test#test.com' is set on object 'Object Repository/Page_Mattermost/input_To reset your password enter the emai_5f6d79'

2020-06-05 00:08:12 - [MESSAGE][PASSED] - Text 'test#test.com' is set on object 'Object Repository/Page_Mattermost/input_To reset your password enter the emai_5f6d79'

2020-06-05 00:08:12 - [TEST_STEP][PASSED] - click(findTestObject("Object Repository/Page_Mattermost/span_Reset my password")): Object: 'Object Repository/Page_Mattermost/span_Reset my password' is clicked on

2020-06-05 00:08:12 - [MESSAGE][PASSED] - Object: 'Object Repository/Page_Mattermost/span_Reset my password' is clicked on

2020-06-05 00:08:12 - [TEST_STEP][PASSED] - click(findTestObject("Object Repository/Page_Mattermost/span_Back")): Object: 'Object Repository/Page_Mattermost/span_Back' is clicked on

2020-06-05 00:08:13 - [MESSAGE][PASSED] - Object: 'Object Repository/Page_Mattermost/span_Back' is clicked on

2020-06-05 00:08:13 - [TEST_STEP][PASSED] - closeBrowser(): Browser is closed

2020-06-05 00:08:15 - [MESSAGE][PASSED] - Browser is closed]]></system-out>
         <system-err><![CDATA[]]></system-err>
      </testcase>
      <system-out><![CDATA[2020-06-05 00:06:54 - [TEST_SUITE][PASSED] - 1612745 - Run all test cases: Test Cases/1612745/1612745 - Test Reset password]]></system-out>
      <system-err><![CDATA[]]></system-err>
   </testsuite>
</testsuites>
